生成启动时间为 2020/3/24 21:58:34。
     1>项目“D:\vs\Compress2\Compress2\Compress2.vcxproj”在节点 2 上(build 个目标)。
     1>PrepareForBuild:
         正在创建目录“D:\vs\Compress2\Release\”。
       InitializeBuildStatus:
         正在创建“Release\Compress2.unsuccessfulbuild”，因为已指定“AlwaysCreate”。
       ClCompile:
         C:\Program Files (x86)\Microsoft Visual Studio 10.0\VC\bin\CL.exe /c /Zi /nologo /W3 /WX- /O2 /Oi /Oy- /GL /D WIN32 /D _WINDOWS /D NDEBUG /D _UNICODE /D UNICODE /D _AFXDLL /Gm- /EHsc /MD /GS /Gy /fp:precise /Zc:wchar_t /Zc:forScope /Yc"StdAfx.h" /Fp"Release\Compress2.pch" /Fo"Release\\" /Fd"Release\vc100.pdb" /Gd /TP /analyze- /errorReport:prompt stdafx.cpp
         stdafx.cpp
         C:\Program Files (x86)\Microsoft Visual Studio 10.0\VC\bin\CL.exe /c /Zi /nologo /W3 /WX- /O2 /Oi /Oy- /GL /D WIN32 /D _WINDOWS /D NDEBUG /D _UNICODE /D UNICODE /D _AFXDLL /Gm- /EHsc /MD /GS /Gy /fp:precise /Zc:wchar_t /Zc:forScope /Yu"StdAfx.h" /Fp"Release\Compress2.pch" /Fo"Release\\" /Fd"Release\vc100.pdb" /Gd /TP /analyze- /errorReport:prompt Compress2.cpp Compress2Dlg.cpp Huffman.cpp
         Compress2.cpp
         Compress2Dlg.cpp
         Huffman.cpp
     1>Huffman.cpp(1): warning C4627: “#include <iostream>”: 在查找预编译头使用时跳过
                 将指令添加到“StdAfx.h”或重新生成预编译头
     1>Huffman.cpp(2): warning C4627: “#include "Huffman.h"”: 在查找预编译头使用时跳过
                 将指令添加到“StdAfx.h”或重新生成预编译头
     1>Huffman.cpp(98): fatal error C1010: 在查找预编译头时遇到意外的文件结尾。是否忘记了向源中添加“#include "StdAfx.h"”?
     1>已完成生成项目“D:\vs\Compress2\Compress2\Compress2.vcxproj”(build 个目标)的操作 - 失败。

生成失败。

已用时间 00:00:02.66
